2022-11-05 16:44:15,200  INFO [main] Maven_testng:45 - Browser is opened
2022-11-05 16:44:15,340  INFO [main] Maven_testng:49 - Browser is maximized
2022-11-05 16:44:17,682  INFO [main] Maven_testng:52 - Open url
2022-11-05 16:44:17,898  INFO [main] Maven_testng:61 - Username is entered
2022-11-05 16:44:18,027  INFO [main] Maven_testng:64 - Password is entered
2022-11-05 16:44:18,194  INFO [main] Maven_testng:67 - Clicked on login Button
2022-11-05 16:44:18,194  INFO [main] Maven_testng:70 - Went on HomePage
2022-11-05 16:44:18,533  INFO [main] Maven_testng:26 - Apply validation
2022-11-05 16:44:18,545  INFO [main] Maven_testng:29 - your title is->Swag Labs
2022-11-05 16:44:18,677  INFO [main] Maven_testng:78 - Browser is closed
2022-11-05 16:44:20,799  INFO [main] Maven_testng:45 - Browser is opened
2022-11-05 16:44:20,937  INFO [main] Maven_testng:49 - Browser is maximized
2022-11-05 16:44:22,958  INFO [main] Maven_testng:52 - Open url
2022-11-05 16:44:23,107  INFO [main] Maven_testng:61 - Username is entered
2022-11-05 16:44:23,230  INFO [main] Maven_testng:64 - Password is entered
2022-11-05 16:44:23,386  INFO [main] Maven_testng:67 - Clicked on login Button
2022-11-05 16:44:23,388  INFO [main] Maven_testng:70 - Went on HomePage
2022-11-05 16:44:23,843  INFO [main] Maven_testng:25 - Bag product is selected
2022-11-05 16:44:23,844  INFO [main] Maven_testng:30 - Apply validation
2022-11-05 16:44:24,007  INFO [main] Maven_testng:78 - Browser is closed
2022-11-05 16:44:26,277  INFO [main] Maven_testng:45 - Browser is opened
2022-11-05 16:44:26,422  INFO [main] Maven_testng:49 - Browser is maximized
2022-11-05 16:44:27,707  INFO [main] Maven_testng:52 - Open url
2022-11-05 16:44:27,842  INFO [main] Maven_testng:61 - Username is entered
2022-11-05 16:44:27,985  INFO [main] Maven_testng:64 - Password is entered
2022-11-05 16:44:28,146  INFO [main] Maven_testng:67 - Clicked on login Button
2022-11-05 16:44:28,147  INFO [main] Maven_testng:70 - Went on HomePage
2022-11-05 16:44:28,329  INFO [main] Maven_testng:24 - Bag product is selected
2022-11-05 16:44:28,330  INFO [main] Maven_testng:29 - Apply validation
2022-11-05 16:44:58,552  INFO [main] Maven_testng:78 - Browser is closed
2022-11-05 16:45:00,896  INFO [main] Maven_testng:45 - Browser is opened
2022-11-05 16:45:01,043  INFO [main] Maven_testng:49 - Browser is maximized
2022-11-05 16:45:03,297  INFO [main] Maven_testng:52 - Open url
2022-11-05 16:45:03,442  INFO [main] Maven_testng:61 - Username is entered
2022-11-05 16:45:03,572  INFO [main] Maven_testng:64 - Password is entered
2022-11-05 16:45:03,738  INFO [main] Maven_testng:67 - Clicked on login Button
2022-11-05 16:45:03,739  INFO [main] Maven_testng:70 - Went on HomePage
2022-11-05 16:45:04,071  INFO [main] Maven_testng:17 - product is sorted
2022-11-05 16:45:04,072  INFO [main] Maven_testng:22 - Apply validation
2022-11-05 16:45:04,249  INFO [main] Maven_testng:78 - Browser is closed
2022-11-05 16:45:06,513  INFO [main] Maven_testng:45 - Browser is opened
2022-11-05 16:45:06,661  INFO [main] Maven_testng:49 - Browser is maximized
2022-11-05 16:45:07,904  INFO [main] Maven_testng:52 - Open url
2022-11-05 16:45:08,042  INFO [main] Maven_testng:61 - Username is entered
2022-11-05 16:45:08,173  INFO [main] Maven_testng:64 - Password is entered
2022-11-05 16:45:08,336  INFO [main] Maven_testng:67 - Clicked on login Button
2022-11-05 16:45:08,337  INFO [main] Maven_testng:70 - Went on HomePage
2022-11-05 16:45:08,781  INFO [main] Maven_testng:78 - Browser is closed
2022-11-05 16:46:53,806  INFO [main] Maven_testng:45 - Browser is opened
2022-11-05 16:46:53,953  INFO [main] Maven_testng:49 - Browser is maximized
2022-11-05 16:46:59,573  INFO [main] Maven_testng:52 - Open url
2022-11-05 16:46:59,764  INFO [main] Maven_testng:61 - Username is entered
2022-11-05 16:46:59,888  INFO [main] Maven_testng:64 - Password is entered
2022-11-05 16:47:00,049  INFO [main] Maven_testng:67 - Clicked on login Button
2022-11-05 16:47:00,050  INFO [main] Maven_testng:70 - Went on HomePage
2022-11-05 16:47:00,386  INFO [main] Maven_testng:26 - Apply validation
2022-11-05 16:47:00,399  INFO [main] Maven_testng:29 - your title is->Swag Labs
2022-11-05 16:47:00,511  INFO [main] Maven_testng:78 - Browser is closed
2022-11-05 16:47:02,746  INFO [main] Maven_testng:45 - Browser is opened
2022-11-05 16:47:02,889  INFO [main] Maven_testng:49 - Browser is maximized
2022-11-05 16:47:04,374  INFO [main] Maven_testng:52 - Open url
2022-11-05 16:47:04,509  INFO [main] Maven_testng:61 - Username is entered
2022-11-05 16:47:04,635  INFO [main] Maven_testng:64 - Password is entered
2022-11-05 16:47:04,795  INFO [main] Maven_testng:67 - Clicked on login Button
2022-11-05 16:47:04,797  INFO [main] Maven_testng:70 - Went on HomePage
2022-11-05 16:47:05,253  INFO [main] Maven_testng:25 - Bag product is selected
2022-11-05 16:47:05,254  INFO [main] Maven_testng:30 - Apply validation
2022-11-05 16:47:05,397  INFO [main] Maven_testng:78 - Browser is closed
2022-11-05 16:47:07,639  INFO [main] Maven_testng:45 - Browser is opened
2022-11-05 16:47:07,782  INFO [main] Maven_testng:49 - Browser is maximized
2022-11-05 16:47:10,937  INFO [main] Maven_testng:52 - Open url
2022-11-05 16:47:11,081  INFO [main] Maven_testng:61 - Username is entered
2022-11-05 16:47:11,204  INFO [main] Maven_testng:64 - Password is entered
2022-11-05 16:47:11,393  INFO [main] Maven_testng:67 - Clicked on login Button
2022-11-05 16:47:11,394  INFO [main] Maven_testng:70 - Went on HomePage
2022-11-05 16:47:11,541  INFO [main] Maven_testng:24 - Bag product is selected
2022-11-05 16:47:11,542  INFO [main] Maven_testng:29 - Apply validation
2022-11-05 16:47:11,690  INFO [main] Maven_testng:78 - Browser is closed
2022-11-05 16:47:13,958  INFO [main] Maven_testng:45 - Browser is opened
2022-11-05 16:47:14,106  INFO [main] Maven_testng:49 - Browser is maximized
2022-11-05 16:47:17,589  INFO [main] Maven_testng:52 - Open url
2022-11-05 16:47:17,741  INFO [main] Maven_testng:61 - Username is entered
2022-11-05 16:47:17,868  INFO [main] Maven_testng:64 - Password is entered
2022-11-05 16:47:18,028  INFO [main] Maven_testng:67 - Clicked on login Button
2022-11-05 16:47:18,028  INFO [main] Maven_testng:70 - Went on HomePage
2022-11-05 16:47:18,343  INFO [main] Maven_testng:17 - product is sorted
2022-11-05 16:47:18,344  INFO [main] Maven_testng:22 - Apply validation
2022-11-05 16:47:18,523  INFO [main] Maven_testng:78 - Browser is closed
2022-11-05 16:47:20,951  INFO [main] Maven_testng:45 - Browser is opened
2022-11-05 16:47:21,097  INFO [main] Maven_testng:49 - Browser is maximized
2022-11-05 16:47:23,979  INFO [main] Maven_testng:52 - Open url
2022-11-05 16:47:24,123  INFO [main] Maven_testng:61 - Username is entered
2022-11-05 16:47:24,245  INFO [main] Maven_testng:64 - Password is entered
2022-11-05 16:47:24,419  INFO [main] Maven_testng:67 - Clicked on login Button
2022-11-05 16:47:24,420  INFO [main] Maven_testng:70 - Went on HomePage
2022-11-05 16:47:24,771  INFO [main] Maven_testng:78 - Browser is closed
2022-11-05 16:49:47,723  INFO [main] Maven_testng:45 - Browser is opened
2022-11-05 16:49:47,875  INFO [main] Maven_testng:49 - Browser is maximized
2022-11-05 16:49:49,548  INFO [main] Maven_testng:52 - Open url
2022-11-05 16:49:49,780  INFO [main] Maven_testng:61 - Username is entered
2022-11-05 16:49:49,931  INFO [main] Maven_testng:64 - Password is entered
2022-11-05 16:49:50,102  INFO [main] Maven_testng:67 - Clicked on login Button
2022-11-05 16:49:50,103  INFO [main] Maven_testng:70 - Went on HomePage
2022-11-05 16:49:50,681  INFO [main] Maven_testng:78 - Browser is closed
2022-11-05 16:49:52,881  INFO [main] Maven_testng:45 - Browser is opened
2022-11-05 16:49:53,018  INFO [main] Maven_testng:49 - Browser is maximized
2022-11-05 16:49:54,994  INFO [main] Maven_testng:52 - Open url
2022-11-05 16:49:55,147  INFO [main] Maven_testng:61 - Username is entered
2022-11-05 16:49:55,274  INFO [main] Maven_testng:64 - Password is entered
2022-11-05 16:49:55,477  INFO [main] Maven_testng:67 - Clicked on login Button
2022-11-05 16:49:55,478  INFO [main] Maven_testng:70 - Went on HomePage
2022-11-05 16:49:56,190  INFO [main] Maven_testng:78 - Browser is closed
2022-11-05 16:49:58,417  INFO [main] Maven_testng:45 - Browser is opened
2022-11-05 16:49:58,558  INFO [main] Maven_testng:49 - Browser is maximized
2022-11-05 16:50:00,458  INFO [main] Maven_testng:52 - Open url
2022-11-05 16:50:00,610  INFO [main] Maven_testng:61 - Username is entered
2022-11-05 16:50:00,732  INFO [main] Maven_testng:64 - Password is entered
2022-11-05 16:50:00,900  INFO [main] Maven_testng:67 - Clicked on login Button
2022-11-05 16:50:00,901  INFO [main] Maven_testng:70 - Went on HomePage
2022-11-05 16:50:01,075  INFO [main] Maven_testng:24 - Bag product is selected
2022-11-05 16:50:01,239  INFO [main] Maven_testng:78 - Browser is closed
2022-11-05 16:50:03,543  INFO [main] Maven_testng:45 - Browser is opened
2022-11-05 16:50:03,677  INFO [main] Maven_testng:49 - Browser is maximized
2022-11-05 16:50:05,138  INFO [main] Maven_testng:52 - Open url
2022-11-05 16:50:05,272  INFO [main] Maven_testng:61 - Username is entered
2022-11-05 16:50:05,406  INFO [main] Maven_testng:64 - Password is entered
2022-11-05 16:50:05,570  INFO [main] Maven_testng:67 - Clicked on login Button
2022-11-05 16:50:05,570  INFO [main] Maven_testng:70 - Went on HomePage
2022-11-05 16:50:06,130  INFO [main] Maven_testng:78 - Browser is closed
2022-11-05 16:50:08,409  INFO [main] Maven_testng:45 - Browser is opened
2022-11-05 16:50:08,539  INFO [main] Maven_testng:49 - Browser is maximized
2022-11-05 16:50:10,993  INFO [main] Maven_testng:52 - Open url
2022-11-05 16:50:11,138  INFO [main] Maven_testng:61 - Username is entered
2022-11-05 16:50:11,261  INFO [main] Maven_testng:64 - Password is entered
2022-11-05 16:50:11,432  INFO [main] Maven_testng:67 - Clicked on login Button
2022-11-05 16:50:11,432  INFO [main] Maven_testng:70 - Went on HomePage
2022-11-05 16:50:27,970  INFO [main] Maven_testng:78 - Browser is closed
2022-11-05 18:22:57,981  INFO [main] Maven_testng:46 - Browser is opened
2022-11-05 18:22:58,115  INFO [main] Maven_testng:50 - Browser is maximized
2022-11-05 18:23:00,115  INFO [main] Maven_testng:53 - Open url
2022-11-05 18:23:00,212  INFO [main] Maven_testng:62 - Username is entered
2022-11-05 18:23:00,276  INFO [main] Maven_testng:65 - Password is entered
2022-11-05 18:23:00,351  INFO [main] Maven_testng:68 - Clicked on login Button
2022-11-05 18:23:00,351  INFO [main] Maven_testng:71 - Went on HomePage
2022-11-05 18:23:15,744  INFO [main] Maven_testng:46 - Browser is opened
2022-11-05 18:23:15,882  INFO [main] Maven_testng:50 - Browser is maximized
2022-11-05 18:23:16,787  INFO [main] Maven_testng:80 - Browser is closed
2022-11-05 18:23:18,067  INFO [main] Maven_testng:53 - Open url
2022-11-05 18:23:18,246  INFO [main] Maven_testng:62 - Username is entered
2022-11-05 18:23:18,328  INFO [main] Maven_testng:65 - Password is entered
2022-11-05 18:23:18,419  INFO [main] Maven_testng:68 - Clicked on login Button
2022-11-05 18:23:18,419  INFO [main] Maven_testng:71 - Went on HomePage
2022-11-05 18:23:18,450  INFO [main] Maven_testng:46 - Browser is opened
2022-11-05 18:23:18,574  INFO [main] Maven_testng:50 - Browser is maximized
2022-11-05 18:23:19,762  INFO [main] Maven_testng:53 - Open url
2022-11-05 18:23:19,830  INFO [main] Maven_testng:62 - Username is entered
2022-11-05 18:23:19,893  INFO [main] Maven_testng:65 - Password is entered
2022-11-05 18:23:19,970  INFO [main] Maven_testng:68 - Clicked on login Button
2022-11-05 18:23:19,971  INFO [main] Maven_testng:71 - Went on HomePage
2022-11-05 18:23:20,286  INFO [main] Maven_testng:80 - Browser is closed
2022-11-05 18:23:22,243  INFO [main] Maven_testng:46 - Browser is opened
2022-11-05 18:23:22,365  INFO [main] Maven_testng:50 - Browser is maximized
2022-11-05 18:23:23,742  INFO [main] Maven_testng:53 - Open url
2022-11-05 18:23:23,812  INFO [main] Maven_testng:62 - Username is entered
2022-11-05 18:23:23,873  INFO [main] Maven_testng:65 - Password is entered
2022-11-05 18:23:23,950  INFO [main] Maven_testng:68 - Clicked on login Button
2022-11-05 18:23:23,950  INFO [main] Maven_testng:71 - Went on HomePage
2022-11-05 18:23:34,925  INFO [main] Maven_testng:80 - Browser is closed
2022-11-05 18:23:36,585  INFO [main] Maven_testng:46 - Browser is opened
2022-11-05 18:23:36,708  INFO [main] Maven_testng:50 - Browser is maximized
2022-11-05 18:23:39,734  INFO [main] Maven_testng:53 - Open url
2022-11-05 18:23:39,805  INFO [main] Maven_testng:62 - Username is entered
2022-11-05 18:23:39,861  INFO [main] Maven_testng:65 - Password is entered
2022-11-05 18:23:39,937  INFO [main] Maven_testng:68 - Clicked on login Button
2022-11-05 18:23:39,938  INFO [main] Maven_testng:71 - Went on HomePage
2022-11-05 18:23:40,314  INFO [main] Maven_testng:80 - Browser is closed
2022-11-05 18:23:41,973  INFO [main] Maven_testng:46 - Browser is opened
2022-11-05 18:23:42,100  INFO [main] Maven_testng:50 - Browser is maximized
2022-11-05 18:23:43,353  INFO [main] Maven_testng:53 - Open url
2022-11-05 18:23:43,418  INFO [main] Maven_testng:62 - Username is entered
2022-11-05 18:23:43,481  INFO [main] Maven_testng:65 - Password is entered
2022-11-05 18:23:43,558  INFO [main] Maven_testng:68 - Clicked on login Button
2022-11-05 18:23:43,558  INFO [main] Maven_testng:71 - Went on HomePage
2022-11-05 18:23:43,809  INFO [main] Maven_testng:80 - Browser is closed
2022-11-05 18:23:45,762  INFO [main] Maven_testng:46 - Browser is opened
2022-11-05 18:23:45,887  INFO [main] Maven_testng:50 - Browser is maximized
2022-11-05 18:23:47,119  INFO [main] Maven_testng:53 - Open url
2022-11-05 18:23:47,187  INFO [main] Maven_testng:62 - Username is entered
2022-11-05 18:23:47,248  INFO [main] Maven_testng:65 - Password is entered
2022-11-05 18:23:47,324  INFO [main] Maven_testng:68 - Clicked on login Button
2022-11-05 18:23:47,324  INFO [main] Maven_testng:71 - Went on HomePage
2022-11-05 18:23:56,436  INFO [main] Maven_testng:80 - Browser is closed
2022-11-05 18:23:58,107  INFO [main] Maven_testng:46 - Browser is opened
2022-11-05 18:23:58,234  INFO [main] Maven_testng:50 - Browser is maximized
2022-11-05 18:24:00,321  INFO [main] Maven_testng:53 - Open url
2022-11-05 18:24:00,393  INFO [main] Maven_testng:62 - Username is entered
2022-11-05 18:24:00,450  INFO [main] Maven_testng:65 - Password is entered
2022-11-05 18:24:00,530  INFO [main] Maven_testng:68 - Clicked on login Button
2022-11-05 18:24:00,530  INFO [main] Maven_testng:71 - Went on HomePage
2022-11-05 18:24:03,795  INFO [main] Maven_testng:80 - Browser is closed
2022-11-05 18:24:46,348  INFO [main] Maven_testng:46 - Browser is opened
2022-11-05 18:24:46,482  INFO [main] Maven_testng:50 - Browser is maximized
2022-11-05 18:24:48,313  INFO [main] Maven_testng:53 - Open url
2022-11-05 18:24:48,368  INFO [main] Maven_testng:62 - Username is entered
2022-11-05 18:24:50,333  INFO [main] Maven_testng:46 - Browser is opened
2022-11-05 18:24:50,455  INFO [main] Maven_testng:50 - Browser is maximized
2022-11-05 18:24:51,066  INFO [main] Maven_testng:53 - Open url
2022-11-05 18:24:53,064  INFO [main] Maven_testng:46 - Browser is opened
2022-11-05 18:24:53,193  INFO [main] Maven_testng:50 - Browser is maximized
2022-11-05 18:24:53,911  INFO [main] Maven_testng:53 - Open url
2022-11-05 18:24:55,905  INFO [main] Maven_testng:46 - Browser is opened
2022-11-05 18:24:56,032  INFO [main] Maven_testng:50 - Browser is maximized
2022-11-05 18:24:56,777  INFO [main] Maven_testng:53 - Open url
2022-11-05 18:24:58,770  INFO [main] Maven_testng:46 - Browser is opened
2022-11-05 18:24:58,897  INFO [main] Maven_testng:50 - Browser is maximized
2022-11-09 19:00:52,162  INFO [main] Maven_testng:46 - Browser is opened
2022-11-09 19:00:52,310  INFO [main] Maven_testng:50 - Browser is maximized
2022-11-09 19:00:53,754  INFO [main] Maven_testng:46 - Browser is opened
2022-11-09 19:00:53,889  INFO [main] Maven_testng:50 - Browser is maximized
2022-11-09 19:00:55,309  INFO [main] Maven_testng:46 - Browser is opened
2022-11-09 19:00:55,456  INFO [main] Maven_testng:50 - Browser is maximized
2022-11-09 19:00:56,892  INFO [main] Maven_testng:46 - Browser is opened
2022-11-09 19:00:57,024  INFO [main] Maven_testng:50 - Browser is maximized
2022-11-09 19:00:58,365  INFO [main] Maven_testng:46 - Browser is opened
2022-11-09 19:00:58,504  INFO [main] Maven_testng:50 - Browser is maximized
2022-11-09 22:33:39,659  INFO [main] Amazon:30 - Browser is opened
2022-11-09 22:33:44,114  INFO [main] Amazon:34 - Open url
2022-11-09 22:34:23,741  INFO [main] Amazon:30 - Browser is opened
2022-11-09 22:34:27,695  INFO [main] Amazon:34 - Open url
2022-11-09 22:38:48,735  INFO [main] Amazon:30 - Browser is opened
2022-11-09 22:38:54,825  INFO [main] Amazon:34 - Open url
2022-11-09 22:40:50,354  INFO [main] Amazon:30 - Browser is opened
2022-11-09 22:40:50,487  INFO [main] Amazon:33 - Browser is maximized
2022-11-09 22:40:57,733  INFO [main] Amazon:37 - Open url
2022-11-10 15:20:59,142  INFO [main] Maven_testng:45 - Browser is opened
2022-11-10 15:20:59,294  INFO [main] Maven_testng:49 - Browser is maximized
2022-11-10 15:21:01,592  INFO [main] Maven_testng:52 - Open url
2022-11-10 15:21:01,805  INFO [main] Maven_testng:61 - Username is entered
2022-11-10 15:21:01,931  INFO [main] Maven_testng:64 - Password is entered
2022-11-10 15:21:02,116  INFO [main] Maven_testng:67 - Clicked on login Button
2022-11-10 15:21:02,116  INFO [main] Maven_testng:70 - Went on HomePage
2022-11-10 15:21:02,657  INFO [main] Maven_testng:79 - Browser is closed
2022-11-10 15:21:05,994  INFO [main] Maven_testng:45 - Browser is opened
2022-11-10 15:21:06,137  INFO [main] Maven_testng:49 - Browser is maximized
2022-11-10 15:21:07,816  INFO [main] Maven_testng:52 - Open url
2022-11-10 15:21:07,968  INFO [main] Maven_testng:61 - Username is entered
2022-11-10 15:21:08,089  INFO [main] Maven_testng:64 - Password is entered
2022-11-10 15:21:08,256  INFO [main] Maven_testng:67 - Clicked on login Button
2022-11-10 15:21:08,256  INFO [main] Maven_testng:70 - Went on HomePage
2022-11-10 15:21:08,901  INFO [main] Maven_testng:79 - Browser is closed
2022-11-10 15:21:12,133  INFO [main] Maven_testng:45 - Browser is opened
2022-11-10 15:21:12,279  INFO [main] Maven_testng:49 - Browser is maximized
2022-11-10 15:21:13,856  INFO [main] Maven_testng:52 - Open url
2022-11-10 15:21:14,007  INFO [main] Maven_testng:61 - Username is entered
2022-11-10 15:21:14,131  INFO [main] Maven_testng:64 - Password is entered
2022-11-10 15:21:14,290  INFO [main] Maven_testng:67 - Clicked on login Button
2022-11-10 15:21:14,291  INFO [main] Maven_testng:70 - Went on HomePage
2022-11-10 15:21:15,184  INFO [main] Maven_testng:79 - Browser is closed
2022-11-10 15:21:18,466  INFO [main] Maven_testng:45 - Browser is opened
2022-11-10 15:21:18,612  INFO [main] Maven_testng:49 - Browser is maximized
2022-11-10 15:21:20,420  INFO [main] Maven_testng:52 - Open url
2022-11-10 15:21:20,577  INFO [main] Maven_testng:61 - Username is entered
2022-11-10 15:21:20,698  INFO [main] Maven_testng:64 - Password is entered
2022-11-10 15:21:20,865  INFO [main] Maven_testng:67 - Clicked on login Button
2022-11-10 15:21:20,865  INFO [main] Maven_testng:70 - Went on HomePage
2022-11-10 15:21:21,349  INFO [main] Maven_testng:79 - Browser is closed
2022-11-10 15:21:24,604  INFO [main] Maven_testng:45 - Browser is opened
2022-11-10 15:21:24,746  INFO [main] Maven_testng:49 - Browser is maximized
2022-11-10 15:21:27,110  INFO [main] Maven_testng:52 - Open url
2022-11-10 15:21:27,299  INFO [main] Maven_testng:61 - Username is entered
2022-11-10 15:21:27,439  INFO [main] Maven_testng:64 - Password is entered
2022-11-10 15:21:27,628  INFO [main] Maven_testng:67 - Clicked on login Button
2022-11-10 15:21:27,629  INFO [main] Maven_testng:70 - Went on HomePage
2022-11-10 15:21:28,037  INFO [main] Maven_testng:79 - Browser is closed
2022-11-10 15:38:07,084  INFO [main] Maven_testng:45 - Browser is opened
2022-11-10 15:38:07,216  INFO [main] Maven_testng:49 - Browser is maximized
2022-11-10 15:38:09,177  INFO [main] Maven_testng:52 - Open url
2022-11-10 15:38:09,276  INFO [main] Maven_testng:61 - Username is entered
2022-11-10 15:38:09,342  INFO [main] Maven_testng:64 - Password is entered
2022-11-10 15:38:09,423  INFO [main] Maven_testng:67 - Clicked on login Button
2022-11-10 15:38:09,423  INFO [main] Maven_testng:70 - Went on HomePage
2022-11-10 15:38:25,890  INFO [main] Maven_testng:79 - Browser is closed
2022-11-10 15:38:28,843  INFO [main] Maven_testng:45 - Browser is opened
2022-11-10 15:38:28,960  INFO [main] Maven_testng:49 - Browser is maximized
2022-11-10 15:38:30,695  INFO [main] Maven_testng:52 - Open url
2022-11-10 15:38:30,766  INFO [main] Maven_testng:61 - Username is entered
2022-11-10 15:38:30,829  INFO [main] Maven_testng:64 - Password is entered
2022-11-10 15:38:30,907  INFO [main] Maven_testng:67 - Clicked on login Button
2022-11-10 15:38:30,908  INFO [main] Maven_testng:70 - Went on HomePage
2022-11-10 15:38:31,317  INFO [main] Maven_testng:79 - Browser is closed
2022-11-10 15:38:33,963  INFO [main] Maven_testng:45 - Browser is opened
2022-11-10 15:38:34,088  INFO [main] Maven_testng:49 - Browser is maximized
2022-11-10 15:38:35,855  INFO [main] Maven_testng:52 - Open url
2022-11-10 15:38:35,926  INFO [main] Maven_testng:61 - Username is entered
2022-11-10 15:38:35,987  INFO [main] Maven_testng:64 - Password is entered
2022-11-10 15:38:36,063  INFO [main] Maven_testng:67 - Clicked on login Button
2022-11-10 15:38:36,063  INFO [main] Maven_testng:70 - Went on HomePage
2022-11-10 15:38:52,596  INFO [main] Maven_testng:79 - Browser is closed
2022-11-10 15:38:55,263  INFO [main] Maven_testng:45 - Browser is opened
2022-11-10 15:38:55,383  INFO [main] Maven_testng:49 - Browser is maximized
2022-11-10 15:38:56,376  INFO [main] Maven_testng:52 - Open url
2022-11-10 15:38:56,450  INFO [main] Maven_testng:61 - Username is entered
2022-11-10 15:38:56,512  INFO [main] Maven_testng:64 - Password is entered
2022-11-10 15:38:56,594  INFO [main] Maven_testng:67 - Clicked on login Button
2022-11-10 15:38:56,595  INFO [main] Maven_testng:70 - Went on HomePage
2022-11-10 15:39:13,025  INFO [main] Maven_testng:79 - Browser is closed
2022-11-10 15:39:15,738  INFO [main] Maven_testng:45 - Browser is opened
2022-11-10 15:39:15,864  INFO [main] Maven_testng:49 - Browser is maximized
2022-11-10 15:39:16,982  INFO [main] Maven_testng:52 - Open url
2022-11-10 15:39:17,049  INFO [main] Maven_testng:61 - Username is entered
2022-11-10 15:39:17,106  INFO [main] Maven_testng:64 - Password is entered
2022-11-10 15:39:17,184  INFO [main] Maven_testng:67 - Clicked on login Button
2022-11-10 15:39:17,184  INFO [main] Maven_testng:70 - Went on HomePage
2022-11-10 15:39:17,456  INFO [main] Maven_testng:79 - Browser is closed
2022-11-10 15:41:52,586  INFO [main] Maven_testng:45 - Browser is opened
2022-11-10 15:41:52,724  INFO [main] Maven_testng:49 - Browser is maximized
2022-11-10 15:41:54,504  INFO [main] Maven_testng:52 - Open url
2022-11-10 15:41:54,595  INFO [main] Maven_testng:61 - Username is entered
2022-11-10 15:41:54,656  INFO [main] Maven_testng:64 - Password is entered
2022-11-10 15:41:54,735  INFO [main] Maven_testng:67 - Clicked on login Button
2022-11-10 15:41:54,735  INFO [main] Maven_testng:70 - Went on HomePage
2022-11-10 15:42:27,313  INFO [main] Maven_testng:45 - Browser is opened
2022-11-10 15:42:27,439  INFO [main] Maven_testng:49 - Browser is maximized
2022-11-10 15:42:28,613  INFO [main] Maven_testng:52 - Open url
2022-11-10 15:42:28,710  INFO [main] Maven_testng:61 - Username is entered
2022-11-10 15:42:28,778  INFO [main] Maven_testng:64 - Password is entered
2022-11-10 15:42:28,859  INFO [main] Maven_testng:67 - Clicked on login Button
2022-11-10 15:42:28,860  INFO [main] Maven_testng:70 - Went on HomePage
2022-11-10 15:42:29,095  INFO [main] Maven_testng:79 - Browser is closed
2022-11-10 15:46:41,133  INFO [main] Maven_testng:45 - Browser is opened
2022-11-10 15:46:41,269  INFO [main] Maven_testng:49 - Browser is maximized
2022-11-10 15:46:43,156  INFO [main] Maven_testng:52 - Open url
2022-11-10 15:46:43,252  INFO [main] Maven_testng:61 - Username is entered
2022-11-10 15:46:43,317  INFO [main] Maven_testng:64 - Password is entered
2022-11-10 15:46:43,396  INFO [main] Maven_testng:67 - Clicked on login Button
2022-11-10 15:46:43,397  INFO [main] Maven_testng:70 - Went on HomePage
2022-11-10 15:46:59,863  INFO [main] Maven_testng:79 - Browser is closed
2022-11-10 15:47:02,538  INFO [main] Maven_testng:45 - Browser is opened
2022-11-10 15:47:02,665  INFO [main] Maven_testng:49 - Browser is maximized
2022-11-10 15:47:03,768  INFO [main] Maven_testng:52 - Open url
2022-11-10 15:47:03,841  INFO [main] Maven_testng:61 - Username is entered
2022-11-10 15:47:03,905  INFO [main] Maven_testng:64 - Password is entered
2022-11-10 15:47:03,983  INFO [main] Maven_testng:67 - Clicked on login Button
2022-11-10 15:47:03,983  INFO [main] Maven_testng:70 - Went on HomePage
2022-11-10 15:47:04,288  INFO [main] Maven_testng:79 - Browser is closed
2022-11-10 15:52:44,137  INFO [main] Maven_testng:45 - Browser is opened
2022-11-10 15:52:44,266  INFO [main] Maven_testng:49 - Browser is maximized
2022-11-10 15:52:45,554  INFO [main] Maven_testng:52 - Open url
2022-11-10 15:52:45,645  INFO [main] Maven_testng:61 - Username is entered
2022-11-10 15:52:45,715  INFO [main] Maven_testng:64 - Password is entered
2022-11-10 15:52:45,798  INFO [main] Maven_testng:67 - Clicked on login Button
2022-11-10 15:52:45,798  INFO [main] Maven_testng:70 - Went on HomePage
2022-11-10 17:31:03,326  INFO [main] Maven_testng:45 - Browser is opened
2022-11-10 17:31:03,467  INFO [main] Maven_testng:49 - Browser is maximized
2022-11-10 17:31:05,774  INFO [main] Maven_testng:52 - Open url
2022-11-10 17:31:12,920  INFO [main] Maven_testng:45 - Browser is opened
2022-11-10 17:31:13,055  INFO [main] Maven_testng:49 - Browser is maximized
2022-11-10 17:31:14,530  INFO [main] Maven_testng:52 - Open url
2022-11-10 17:31:14,689  INFO [main] Maven_testng:61 - Username is entered
2022-11-10 17:31:21,459  INFO [main] Maven_testng:45 - Browser is opened
2022-11-10 17:31:21,608  INFO [main] Maven_testng:49 - Browser is maximized
2022-11-10 17:31:23,651  INFO [main] Maven_testng:52 - Open url
2022-11-10 17:31:23,798  INFO [main] Maven_testng:61 - Username is entered
2022-11-10 17:31:23,942  INFO [main] Maven_testng:64 - Password is entered
2022-11-10 17:31:24,117  INFO [main] Maven_testng:67 - Clicked on login Button
2022-11-10 17:31:24,117  INFO [main] Maven_testng:70 - Went on HomePage
2022-11-10 17:31:25,094  INFO [main] Maven_testng:79 - Browser is closed
2022-11-10 17:39:49,075  INFO [main] Maven_testng:45 - Browser is opened
2022-11-10 17:39:49,227  INFO [main] Maven_testng:49 - Browser is maximized
2022-11-10 17:39:50,935  INFO [main] Maven_testng:52 - Open url
2022-11-10 17:40:41,773  INFO [main] Maven_testng:45 - Browser is opened
2022-11-10 17:40:41,929  INFO [main] Maven_testng:49 - Browser is maximized
2022-11-10 17:40:41,930  INFO [main] Maven_testng:52 - Open url
2022-11-10 17:41:11,230  INFO [main] Maven_testng:45 - Browser is opened
2022-11-10 17:41:11,367  INFO [main] Maven_testng:49 - Browser is maximized
2022-11-10 17:41:11,368  INFO [main] Maven_testng:52 - Open url
2022-11-10 17:41:21,309  INFO [main] Maven_testng:45 - Browser is opened
2022-11-10 17:41:21,457  INFO [main] Maven_testng:49 - Browser is maximized
2022-11-10 17:41:21,458  INFO [main] Maven_testng:52 - Open url
2022-11-10 17:57:17,807  INFO [main] Maven_testng:45 - Browser is opened
2022-11-10 17:57:17,967  INFO [main] Maven_testng:49 - Browser is maximized
2022-11-10 17:57:17,967  INFO [main] Maven_testng:52 - Open url
2022-11-10 17:57:53,161  INFO [main] Maven_testng:45 - Browser is opened
2022-11-10 17:57:53,315  INFO [main] Maven_testng:49 - Browser is maximized
2022-11-10 17:57:55,509  INFO [main] Maven_testng:52 - Open url
2022-11-10 17:57:55,672  INFO [main] Maven_testng:61 - Username is entered
2022-11-10 17:57:55,795  INFO [main] Maven_testng:64 - Password is entered
2022-11-10 17:57:55,944  INFO [main] Maven_testng:67 - Clicked on login Button
2022-11-10 17:57:55,945  INFO [main] Maven_testng:70 - Went on HomePage
2022-11-10 17:57:56,389  INFO [main] Maven_testng:79 - Browser is closed
2022-11-10 17:57:58,555  INFO [main] Maven_testng:45 - Browser is opened
2022-11-10 17:57:58,691  INFO [main] Maven_testng:49 - Browser is maximized
2022-11-10 17:57:59,923  INFO [main] Maven_testng:52 - Open url
2022-11-10 17:58:00,064  INFO [main] Maven_testng:61 - Username is entered
2022-11-10 17:58:00,215  INFO [main] Maven_testng:64 - Password is entered
2022-11-10 17:58:00,360  INFO [main] Maven_testng:67 - Clicked on login Button
2022-11-10 17:58:00,361  INFO [main] Maven_testng:70 - Went on HomePage
2022-11-10 17:58:00,868  INFO [main] Maven_testng:79 - Browser is closed
2022-11-10 17:58:02,981  INFO [main] Maven_testng:45 - Browser is opened
2022-11-10 17:58:03,103  INFO [main] Maven_testng:49 - Browser is maximized
2022-11-10 17:58:04,677  INFO [main] Maven_testng:52 - Open url
2022-11-10 17:58:04,806  INFO [main] Maven_testng:61 - Username is entered
2022-11-10 17:58:04,920  INFO [main] Maven_testng:64 - Password is entered
2022-11-10 17:58:05,065  INFO [main] Maven_testng:67 - Clicked on login Button
2022-11-10 17:58:05,065  INFO [main] Maven_testng:70 - Went on HomePage
2022-11-10 17:58:05,730  INFO [main] Maven_testng:79 - Browser is closed
2022-11-10 18:13:24,297  INFO [main] Maven_testng:45 - Browser is opened
2022-11-10 18:13:24,459  INFO [main] Maven_testng:49 - Browser is maximized
2022-11-10 18:13:27,200  INFO [main] Maven_testng:52 - Open url
2022-11-10 18:13:51,740  INFO [main] Maven_testng:45 - Browser is opened
2022-11-10 18:13:51,878  INFO [main] Maven_testng:49 - Browser is maximized
2022-11-10 18:13:54,374  INFO [main] Maven_testng:52 - Open url
2022-11-10 18:13:58,016  INFO [main] Maven_testng:45 - Browser is opened
2022-11-10 18:13:58,148  INFO [main] Maven_testng:49 - Browser is maximized
2022-11-10 18:14:01,474  INFO [main] Maven_testng:52 - Open url
2022-11-10 18:14:04,974  INFO [main] Maven_testng:45 - Browser is opened
2022-11-10 18:14:05,115  INFO [main] Maven_testng:49 - Browser is maximized
2022-11-10 18:22:33,957  INFO [main] Maven_testng:45 - Browser is opened
2022-11-10 18:22:34,111  INFO [main] Maven_testng:49 - Browser is maximized
2022-11-10 18:22:36,646  INFO [main] Maven_testng:52 - Open url
2022-11-10 18:22:36,847  INFO [main] Maven_testng:61 - Username is entered
2022-11-10 18:22:36,972  INFO [main] Maven_testng:64 - Password is entered
2022-11-10 18:22:37,127  INFO [main] Maven_testng:67 - Clicked on login Button
2022-11-10 18:22:37,128  INFO [main] Maven_testng:70 - Went on HomePage
2022-11-10 18:22:37,630  INFO [main] Maven_testng:79 - Browser is closed
2022-11-10 18:22:39,972  INFO [main] Maven_testng:45 - Browser is opened
2022-11-10 18:22:40,104  INFO [main] Maven_testng:49 - Browser is maximized
2022-11-10 18:28:18,171  INFO [main] Maven_testng:45 - Browser is opened
2022-11-10 18:28:18,324  INFO [main] Maven_testng:49 - Browser is maximized
2022-11-10 18:28:20,638  INFO [main] Maven_testng:52 - Open url
2022-11-10 18:28:20,819  INFO [main] Maven_testng:61 - Username is entered
2022-11-10 18:28:20,949  INFO [main] Maven_testng:64 - Password is entered
2022-11-10 18:28:21,127  INFO [main] Maven_testng:67 - Clicked on login Button
2022-11-10 18:28:21,128  INFO [main] Maven_testng:70 - Went on HomePage
2022-11-10 18:28:21,675  INFO [main] Maven_testng:79 - Browser is closed
2022-11-10 18:28:23,885  INFO [main] Maven_testng:45 - Browser is opened
2022-11-10 18:28:24,022  INFO [main] Maven_testng:49 - Browser is maximized
2022-11-10 18:28:24,977  INFO [main] Maven_testng:52 - Open url
2022-11-10 18:28:25,123  INFO [main] Maven_testng:61 - Username is entered
2022-11-10 18:28:25,262  INFO [main] Maven_testng:64 - Password is entered
2022-11-10 18:28:25,423  INFO [main] Maven_testng:67 - Clicked on login Button
2022-11-10 18:28:25,424  INFO [main] Maven_testng:70 - Went on HomePage
2022-11-10 18:28:25,985  INFO [main] Maven_testng:79 - Browser is closed
2022-11-10 18:28:28,234  INFO [main] Maven_testng:45 - Browser is opened
2022-11-10 18:28:28,380  INFO [main] Maven_testng:49 - Browser is maximized
2022-11-10 18:28:29,453  INFO [main] Maven_testng:52 - Open url
2022-11-10 18:28:29,607  INFO [main] Maven_testng:61 - Username is entered
2022-11-10 18:28:29,739  INFO [main] Maven_testng:64 - Password is entered
2022-11-10 18:28:29,909  INFO [main] Maven_testng:67 - Clicked on login Button
2022-11-10 18:28:29,910  INFO [main] Maven_testng:70 - Went on HomePage
2022-11-10 18:28:30,503  INFO [main] Maven_testng:79 - Browser is closed
2022-11-11 12:00:12,652  INFO [main] Maven_testng:45 - Browser is opened
2022-11-11 12:00:12,810  INFO [main] Maven_testng:49 - Browser is maximized
2022-11-11 12:00:15,186  INFO [main] Maven_testng:52 - Open url
2022-11-11 12:00:15,365  INFO [main] Maven_testng:61 - Username is entered
2022-11-11 12:00:15,504  INFO [main] Maven_testng:64 - Password is entered
2022-11-11 12:00:15,680  INFO [main] Maven_testng:67 - Clicked on login Button
2022-11-11 12:00:15,680  INFO [main] Maven_testng:70 - Went on HomePage
2022-11-11 12:03:15,095  INFO [main] Maven_testng:45 - Browser is opened
2022-11-11 12:03:15,249  INFO [main] Maven_testng:49 - Browser is maximized
2022-11-11 12:03:17,535  INFO [main] Maven_testng:52 - Open url
2022-11-11 12:03:17,755  INFO [main] Maven_testng:61 - Username is entered
2022-11-11 12:03:17,894  INFO [main] Maven_testng:64 - Password is entered
2022-11-11 12:03:18,059  INFO [main] Maven_testng:67 - Clicked on login Button
2022-11-11 12:03:18,061  INFO [main] Maven_testng:70 - Went on HomePage
2022-11-11 12:03:18,595  INFO [main] Maven_testng:79 - Browser is closed
2022-11-11 12:11:11,728  INFO [main] Maven_testng:45 - Browser is opened
2022-11-11 12:11:11,880  INFO [main] Maven_testng:49 - Browser is maximized
2022-11-11 12:11:14,067  INFO [main] Maven_testng:52 - Open url
2022-11-11 12:11:14,291  INFO [main] Maven_testng:61 - Username is entered
2022-11-11 12:11:14,423  INFO [main] Maven_testng:64 - Password is entered
2022-11-11 12:11:14,582  INFO [main] Maven_testng:67 - Clicked on login Button
2022-11-11 12:11:14,583  INFO [main] Maven_testng:70 - Went on HomePage
2022-11-11 12:11:15,029  INFO [main] Maven_testng:79 - Browser is closed
2022-11-11 12:11:17,138  INFO [main] Maven_testng:45 - Browser is opened
2022-11-11 12:11:17,274  INFO [main] Maven_testng:49 - Browser is maximized
2022-11-11 12:11:19,248  INFO [main] Maven_testng:52 - Open url
2022-11-11 12:11:22,670  INFO [main] Maven_testng:45 - Browser is opened
2022-11-11 12:11:22,809  INFO [main] Maven_testng:49 - Browser is maximized
2022-11-11 12:11:23,808  INFO [main] Maven_testng:52 - Open url
2022-11-11 12:11:27,080  INFO [main] Maven_testng:45 - Browser is opened
2022-11-11 12:11:27,239  INFO [main] Maven_testng:49 - Browser is maximized
2022-11-11 12:11:42,747  INFO [main] Maven_testng:45 - Browser is opened
2022-11-11 12:11:42,909  INFO [main] Maven_testng:49 - Browser is maximized
2022-11-11 12:11:44,748  INFO [main] Maven_testng:52 - Open url
2022-11-11 12:11:44,949  INFO [main] Maven_testng:61 - Username is entered
2022-11-11 12:11:45,090  INFO [main] Maven_testng:64 - Password is entered
2022-11-11 12:11:47,424  INFO [main] Maven_testng:45 - Browser is opened
2022-11-11 12:11:47,556  INFO [main] Maven_testng:49 - Browser is maximized
2022-11-11 12:11:48,625  INFO [main] Maven_testng:52 - Open url
2022-11-11 12:11:50,927  INFO [main] Maven_testng:45 - Browser is opened
2022-11-11 12:11:51,068  INFO [main] Maven_testng:49 - Browser is maximized
2022-11-11 12:11:53,231  INFO [main] Maven_testng:52 - Open url
2022-11-11 12:11:53,379  INFO [main] Maven_testng:61 - Username is entered
2022-11-11 12:11:53,516  INFO [main] Maven_testng:64 - Password is entered
2022-11-11 12:11:53,671  INFO [main] Maven_testng:67 - Clicked on login Button
2022-11-11 12:11:53,671  INFO [main] Maven_testng:70 - Went on HomePage
2022-11-11 12:11:54,801  INFO [main] Maven_testng:79 - Browser is closed
2022-11-11 12:11:57,077  INFO [main] Maven_testng:45 - Browser is opened
2022-11-11 12:11:57,230  INFO [main] Maven_testng:49 - Browser is maximized
2022-11-11 12:11:58,889  INFO [main] Maven_testng:52 - Open url
2022-11-11 12:11:59,028  INFO [main] Maven_testng:61 - Username is entered
2022-11-11 12:11:59,160  INFO [main] Maven_testng:64 - Password is entered
2022-11-11 12:11:59,345  INFO [main] Maven_testng:67 - Clicked on login Button
2022-11-11 12:11:59,345  INFO [main] Maven_testng:70 - Went on HomePage
2022-11-11 12:11:59,922  INFO [main] Maven_testng:79 - Browser is closed
2022-11-11 12:12:02,187  INFO [main] Maven_testng:45 - Browser is opened
2022-11-11 12:12:02,333  INFO [main] Maven_testng:49 - Browser is maximized
2022-11-11 12:12:03,455  INFO [main] Maven_testng:52 - Open url
2022-11-11 12:31:24,360  INFO [main] Maven_testng:45 - Browser is opened
2022-11-11 12:31:24,502  INFO [main] Maven_testng:49 - Browser is maximized
2022-11-11 12:31:26,522  INFO [main] Maven_testng:52 - Open url
2022-11-11 12:31:26,708  INFO [main] Maven_testng:61 - Username is entered
2022-11-11 12:31:26,848  INFO [main] Maven_testng:64 - Password is entered
2022-11-11 12:31:27,010  INFO [main] Maven_testng:67 - Clicked on login Button
2022-11-11 12:31:27,011  INFO [main] Maven_testng:70 - Went on HomePage
2022-11-11 12:31:27,477  INFO [main] Maven_testng:79 - Browser is closed
2022-11-11 12:31:29,577  INFO [main] Maven_testng:45 - Browser is opened
2022-11-11 12:31:29,715  INFO [main] Maven_testng:49 - Browser is maximized
2022-11-11 12:31:30,924  INFO [main] Maven_testng:52 - Open url
2022-11-11 12:31:31,066  INFO [main] Maven_testng:61 - Username is entered
2022-11-11 12:31:31,202  INFO [main] Maven_testng:64 - Password is entered
2022-11-11 12:31:31,364  INFO [main] Maven_testng:67 - Clicked on login Button
2022-11-11 12:31:31,364  INFO [main] Maven_testng:70 - Went on HomePage
2022-11-11 12:31:32,146  INFO [main] Maven_testng:79 - Browser is closed
2022-11-11 12:31:34,381  INFO [main] Maven_testng:45 - Browser is opened
2022-11-11 12:31:34,526  INFO [main] Maven_testng:49 - Browser is maximized
2022-11-11 12:31:36,061  INFO [main] Maven_testng:52 - Open url
2022-11-11 12:31:36,228  INFO [main] Maven_testng:61 - Username is entered
2022-11-11 12:31:36,353  INFO [main] Maven_testng:64 - Password is entered
2022-11-11 12:31:36,520  INFO [main] Maven_testng:67 - Clicked on login Button
2022-11-11 12:31:36,520  INFO [main] Maven_testng:70 - Went on HomePage
2022-11-11 12:31:37,108  INFO [main] Maven_testng:79 - Browser is closed
2022-11-11 12:31:39,399  INFO [main] Maven_testng:45 - Browser is opened
2022-11-11 12:31:39,544  INFO [main] Maven_testng:49 - Browser is maximized
2022-11-11 12:31:40,822  INFO [main] Maven_testng:52 - Open url
2022-11-11 12:31:40,958  INFO [main] Maven_testng:61 - Username is entered
2022-11-11 12:31:41,087  INFO [main] Maven_testng:64 - Password is entered
2022-11-11 12:31:41,239  INFO [main] Maven_testng:67 - Clicked on login Button
2022-11-11 12:31:41,239  INFO [main] Maven_testng:70 - Went on HomePage
2022-11-11 12:31:41,684  INFO [main] Maven_testng:79 - Browser is closed
2022-11-11 12:31:43,882  INFO [main] Maven_testng:45 - Browser is opened
2022-11-11 12:31:44,015  INFO [main] Maven_testng:49 - Browser is maximized
2022-11-11 12:31:45,221  INFO [main] Maven_testng:52 - Open url
2022-11-11 12:31:45,354  INFO [main] Maven_testng:61 - Username is entered
2022-11-11 12:31:45,494  INFO [main] Maven_testng:64 - Password is entered
2022-11-11 12:31:45,658  INFO [main] Maven_testng:67 - Clicked on login Button
2022-11-11 12:31:45,658  INFO [main] Maven_testng:70 - Went on HomePage
2022-11-11 12:31:46,061  INFO [main] Maven_testng:79 - Browser is closed
2022-11-11 13:39:23,580  INFO [main] Maven_testng:45 - Browser is opened
2022-11-11 13:39:23,737  INFO [main] Maven_testng:49 - Browser is maximized
2022-11-11 13:39:26,922  INFO [main] Maven_testng:52 - Open url
2022-11-11 13:39:27,123  INFO [main] Maven_testng:61 - Username is entered
2022-11-11 13:39:27,271  INFO [main] Maven_testng:64 - Password is entered
2022-11-11 13:39:27,444  INFO [main] Maven_testng:67 - Clicked on login Button
2022-11-11 13:39:27,445  INFO [main] Maven_testng:70 - Went on HomePage
2022-11-11 13:39:28,030  INFO [main] Maven_testng:79 - Browser is closed
2022-11-11 13:39:30,285  INFO [main] Maven_testng:45 - Browser is opened
2022-11-11 13:39:30,429  INFO [main] Maven_testng:49 - Browser is maximized
2022-11-11 13:39:32,417  INFO [main] Maven_testng:52 - Open url
2022-11-11 13:39:32,562  INFO [main] Maven_testng:61 - Username is entered
2022-11-11 13:39:32,684  INFO [main] Maven_testng:64 - Password is entered
2022-11-11 13:39:32,897  INFO [main] Maven_testng:67 - Clicked on login Button
2022-11-11 13:39:32,898  INFO [main] Maven_testng:70 - Went on HomePage
2022-11-11 13:39:33,583  INFO [main] Maven_testng:79 - Browser is closed
2022-11-11 13:39:35,822  INFO [main] Maven_testng:45 - Browser is opened
2022-11-11 13:39:35,963  INFO [main] Maven_testng:49 - Browser is maximized
2022-11-11 13:39:37,092  INFO [main] Maven_testng:52 - Open url
2022-11-11 13:39:37,230  INFO [main] Maven_testng:61 - Username is entered
2022-11-11 13:39:37,364  INFO [main] Maven_testng:64 - Password is entered
2022-11-11 13:39:37,530  INFO [main] Maven_testng:67 - Clicked on login Button
2022-11-11 13:39:37,531  INFO [main] Maven_testng:70 - Went on HomePage
2022-11-11 13:39:38,116  INFO [main] Maven_testng:79 - Browser is closed
2022-11-11 13:39:40,366  INFO [main] Maven_testng:45 - Browser is opened
2022-11-11 13:39:40,512  INFO [main] Maven_testng:49 - Browser is maximized
2022-11-11 13:39:42,480  INFO [main] Maven_testng:52 - Open url
2022-11-11 13:39:42,621  INFO [main] Maven_testng:61 - Username is entered
2022-11-11 13:39:42,762  INFO [main] Maven_testng:64 - Password is entered
2022-11-11 13:39:42,926  INFO [main] Maven_testng:67 - Clicked on login Button
2022-11-11 13:39:42,926  INFO [main] Maven_testng:70 - Went on HomePage
2022-11-11 13:39:43,536  INFO [main] Maven_testng:79 - Browser is closed
2022-11-11 13:39:45,800  INFO [main] Maven_testng:45 - Browser is opened
2022-11-11 13:39:45,946  INFO [main] Maven_testng:49 - Browser is maximized
2022-11-11 13:39:47,157  INFO [main] Maven_testng:52 - Open url
2022-11-11 13:39:47,296  INFO [main] Maven_testng:61 - Username is entered
2022-11-11 13:39:47,421  INFO [main] Maven_testng:64 - Password is entered
2022-11-11 13:39:47,580  INFO [main] Maven_testng:67 - Clicked on login Button
2022-11-11 13:39:47,580  INFO [main] Maven_testng:70 - Went on HomePage
2022-11-11 13:39:47,961  INFO [main] Maven_testng:79 - Browser is closed
2022-11-11 14:59:28,676  INFO [main] Maven_testng:45 - Browser is opened
2022-11-11 14:59:28,811  INFO [main] Maven_testng:49 - Browser is maximized
2022-11-11 14:59:30,444  INFO [main] Maven_testng:52 - Open url
2022-11-11 14:59:30,538  INFO [main] Maven_testng:61 - Username is entered
2022-11-11 14:59:30,608  INFO [main] Maven_testng:64 - Password is entered
2022-11-11 14:59:30,686  INFO [main] Maven_testng:67 - Clicked on login Button
2022-11-11 14:59:30,687  INFO [main] Maven_testng:70 - Went on HomePage
2022-11-11 14:59:47,070  INFO [main] Maven_testng:79 - Browser is closed
2022-11-11 14:59:48,977  INFO [main] Maven_testng:45 - Browser is opened
2022-11-11 14:59:49,106  INFO [main] Maven_testng:49 - Browser is maximized
2022-11-11 14:59:50,114  INFO [main] Maven_testng:52 - Open url
2022-11-11 14:59:50,183  INFO [main] Maven_testng:61 - Username is entered
2022-11-11 14:59:50,245  INFO [main] Maven_testng:64 - Password is entered
2022-11-11 14:59:50,326  INFO [main] Maven_testng:67 - Clicked on login Button
2022-11-11 14:59:50,327  INFO [main] Maven_testng:70 - Went on HomePage
2022-11-11 15:23:56,001  INFO [main] Maven_testng:45 - Browser is opened
2022-11-11 15:23:56,138  INFO [main] Maven_testng:49 - Browser is maximized
2022-11-11 15:23:58,262  INFO [main] Maven_testng:52 - Open url
2022-11-11 15:23:58,360  INFO [main] Maven_testng:61 - Username is entered
2022-11-11 15:23:58,425  INFO [main] Maven_testng:64 - Password is entered
2022-11-11 15:23:58,503  INFO [main] Maven_testng:67 - Clicked on login Button
2022-11-11 15:23:58,504  INFO [main] Maven_testng:70 - Went on HomePage
2022-11-11 15:24:14,977  INFO [main] Maven_testng:79 - Browser is closed
2022-11-11 15:24:16,920  INFO [main] Maven_testng:45 - Browser is opened
2022-11-11 15:24:17,045  INFO [main] Maven_testng:49 - Browser is maximized
2022-11-11 15:24:18,190  INFO [main] Maven_testng:52 - Open url
2022-11-11 15:24:18,257  INFO [main] Maven_testng:61 - Username is entered
2022-11-11 15:24:18,317  INFO [main] Maven_testng:64 - Password is entered
2022-11-11 15:24:18,401  INFO [main] Maven_testng:67 - Clicked on login Button
2022-11-11 15:24:18,402  INFO [main] Maven_testng:70 - Went on HomePage
2022-11-12 12:20:21,417  INFO [main] Maven_testng:45 - Browser is opened
2022-11-12 12:20:21,547  INFO [main] Maven_testng:49 - Browser is maximized
2022-11-12 12:20:23,749  INFO [main] Maven_testng:45 - Browser is opened
2022-11-12 12:20:23,872  INFO [main] Maven_testng:49 - Browser is maximized
2022-11-12 12:20:26,079  INFO [main] Maven_testng:45 - Browser is opened
2022-11-12 12:20:26,208  INFO [main] Maven_testng:49 - Browser is maximized
2022-11-12 12:20:28,478  INFO [main] Maven_testng:45 - Browser is opened
2022-11-12 12:20:28,605  INFO [main] Maven_testng:49 - Browser is maximized
2022-11-12 12:20:30,853  INFO [main] Maven_testng:45 - Browser is opened
2022-11-12 12:20:30,976  INFO [main] Maven_testng:49 - Browser is maximized
2022-11-12 13:37:45,061  INFO [main] Maven_testng:45 - Browser is opened
2022-11-12 13:37:45,209  INFO [main] Maven_testng:49 - Browser is maximized
2022-11-12 13:37:50,420  INFO [main] Maven_testng:52 - Open url
2022-11-12 13:37:50,640  INFO [main] Maven_testng:61 - Username is entered
2022-11-12 13:37:50,777  INFO [main] Maven_testng:64 - Password is entered
2022-11-12 13:37:50,936  INFO [main] Maven_testng:67 - Clicked on login Button
2022-11-12 13:37:50,936  INFO [main] Maven_testng:70 - Went on HomePage
